2020-01-19 23:58:45,256 INFO o.a.j.u.JMeterUtils: Setting Locale to en_US
2020-01-19 23:58:45,279 INFO o.a.j.JMeter: Loading user properties from: /root/.bzt/jmeter-taurus/5.1.1/bin/user.properties
2020-01-19 23:58:45,281 INFO o.a.j.JMeter: Loading system properties from: /root/.bzt/jmeter-taurus/5.1.1/bin/system.properties
2020-01-19 23:58:45,282 INFO o.a.j.JMeter: Loading additional properties from: /tmp/artifacts/jmeter-bzt.properties
2020-01-19 23:58:45,286 INFO o.a.j.JMeter: Setting System properties from file: /tmp/artifacts/system.properties
2020-01-19 23:58:45,299 INFO o.a.j.JMeter: Copyright (c) 1998-2019 The Apache Software Foundation
2020-01-19 23:58:45,300 INFO o.a.j.JMeter: Version 5.1.1 r1855137
2020-01-19 23:58:45,301 INFO o.a.j.JMeter: java.version=1.8.0_222
2020-01-19 23:58:45,302 INFO o.a.j.JMeter: java.vm.name=OpenJDK 64-Bit Server VM
2020-01-19 23:58:45,302 INFO o.a.j.JMeter: os.name=Linux
2020-01-19 23:58:45,303 INFO o.a.j.JMeter: os.arch=amd64
2020-01-19 23:58:45,303 INFO o.a.j.JMeter: os.version=4.9.184-linuxkit
2020-01-19 23:58:45,304 INFO o.a.j.JMeter: file.encoding=UTF-8
2020-01-19 23:58:45,304 INFO o.a.j.JMeter: java.awt.headless=true
2020-01-19 23:58:45,305 INFO o.a.j.JMeter: Max memory     =466092032
2020-01-19 23:58:45,306 INFO o.a.j.JMeter: Available Processors =6
2020-01-19 23:58:45,311 INFO o.a.j.JMeter: Default Locale=English (United States)
2020-01-19 23:58:45,312 INFO o.a.j.JMeter: JMeter  Locale=English (United States)
2020-01-19 23:58:45,313 INFO o.a.j.JMeter: JMeterHome=/root/.bzt/jmeter-taurus/5.1.1
2020-01-19 23:58:45,313 INFO o.a.j.JMeter: user.dir  =/bzt-configs
2020-01-19 23:58:45,315 INFO o.a.j.JMeter: PWD       =/bzt-configs
2020-01-19 23:58:45,315 INFO o.a.j.JMeter: IP: 172.19.0.3 Name: 80233009d9ac FullName: 80233009d9ac
2020-01-19 23:58:45,316 INFO o.a.j.JMeter: user.classpath=/tmp/artifacts:/tmp/artifacts
2020-01-19 23:58:45,317 INFO o.a.j.JMeter: Adding to classpath and loader: /tmp/artifacts
2020-01-19 23:58:45,322 INFO o.a.j.JMeter: Adding to classpath and loader: /tmp/artifacts
2020-01-19 23:58:45,333 INFO o.a.j.s.FileServer: Default base='/bzt-configs'
2020-01-19 23:58:45,350 INFO o.a.j.s.FileServer: Set new base='/tmp/artifacts'
2020-01-19 23:58:45,532 INFO o.a.j.s.SaveService: Testplan (JMX) version: 2.2. Testlog (JTL) version: 2.2
2020-01-19 23:58:45,554 INFO o.a.j.s.SaveService: Using SaveService properties file encoding UTF-8
2020-01-19 23:58:45,561 INFO o.a.j.s.SaveService: Using SaveService properties version 5.0
2020-01-19 23:58:45,569 INFO o.a.j.s.SaveService: Loading file: /tmp/artifacts/modified_requests.jmx
2020-01-19 23:58:45,640 INFO o.a.j.p.h.c.CacheManager: Will only cache the following methods: [GET]
2020-01-19 23:58:45,642 INFO o.a.j.p.h.c.CookieManager: Settings: Delete null: true Check: true Allow variable: true Save: false Prefix: COOKIE_
2020-01-19 23:58:45,667 INFO o.a.j.p.h.s.HTTPSamplerBase: Parser for text/html is org.apache.jmeter.protocol.http.parser.LagartoBasedHtmlParser
2020-01-19 23:58:45,667 INFO o.a.j.p.h.s.HTTPSamplerBase: Parser for application/xhtml+xml is org.apache.jmeter.protocol.http.parser.LagartoBasedHtmlParser
2020-01-19 23:58:45,668 INFO o.a.j.p.h.s.HTTPSamplerBase: Parser for application/xml is org.apache.jmeter.protocol.http.parser.LagartoBasedHtmlParser
2020-01-19 23:58:45,669 INFO o.a.j.p.h.s.HTTPSamplerBase: Parser for text/xml is org.apache.jmeter.protocol.http.parser.LagartoBasedHtmlParser
2020-01-19 23:58:45,669 INFO o.a.j.p.h.s.HTTPSamplerBase: Parser for text/vnd.wap.wml is org.apache.jmeter.protocol.http.parser.RegexpHTMLParser
2020-01-19 23:58:45,670 INFO o.a.j.p.h.s.HTTPSamplerBase: Parser for text/css is org.apache.jmeter.protocol.http.parser.CssParser
2020-01-19 23:58:45,816 INFO o.a.j.e.StandardJMeterEngine: Running the test!
2020-01-19 23:58:45,830 INFO o.a.j.s.SampleEvent: List of sample_variables: []
2020-01-19 23:58:45,831 INFO o.a.j.s.SampleEvent: List of sample_variables: []
2020-01-19 23:58:45,868 INFO o.a.j.e.u.CompoundVariable: Note: Function class names must contain the string: '.functions.'
2020-01-19 23:58:45,868 INFO o.a.j.e.u.CompoundVariable: Note: Function class names must not contain the string: '.gui.'
2020-01-19 23:58:46,574 INFO o.a.j.JMeter: Running test (1579478326574)
2020-01-19 23:58:46,642 INFO o.a.j.e.StandardJMeterEngine: Starting ThreadGroup: 1 : digital toys
2020-01-19 23:58:46,643 INFO o.a.j.e.StandardJMeterEngine: Starting 20 threads for group digital toys.
2020-01-19 23:58:46,643 INFO o.a.j.e.StandardJMeterEngine: Thread will continue on error
2020-01-19 23:58:46,653 INFO o.a.j.e.StandardJMeterEngine: All thread groups have been started
2020-01-19 23:58:46,653 INFO c.b.j.t.c.ConcurrencyThreadStarter: Start supplying threads
2020-01-19 23:58:48,172 INFO o.a.j.s.SampleResult: Note: Sample TimeStamps are START times
2020-01-19 23:58:48,173 INFO o.a.j.s.SampleResult: sampleresult.default.encoding is set to UTF-8
2020-01-19 23:58:48,174 INFO o.a.j.s.SampleResult: sampleresult.useNanoTime=true
2020-01-19 23:58:48,175 INFO o.a.j.s.SampleResult: sampleresult.nanoThreadSleep=5000
2020-01-19 23:58:48,176 INFO o.a.j.t.JMeterThread: Thread started: digital toys-ThreadStarter 1-1
2020-01-19 23:58:48,218 INFO o.a.j.p.h.s.HTTPHCAbstractImpl: Local host = 80233009d9ac
2020-01-19 23:58:48,233 INFO o.a.j.p.h.s.HTTPHC4Impl: HTTP request retry count = 0
2020-01-19 23:58:51,182 INFO o.a.j.t.JMeterThread: Thread started: digital toys-ThreadStarter 1-2
2020-01-19 23:58:54,198 INFO o.a.j.t.JMeterThread: Thread started: digital toys-ThreadStarter 1-3
2020-01-19 23:58:57,192 INFO o.a.j.t.JMeterThread: Thread started: digital toys-ThreadStarter 1-4
2020-01-19 23:59:00,217 INFO o.a.j.t.JMeterThread: Thread started: digital toys-ThreadStarter 1-5
2020-01-19 23:59:03,215 INFO o.a.j.t.JMeterThread: Thread started: digital toys-ThreadStarter 1-6
2020-01-19 23:59:06,219 INFO o.a.j.t.JMeterThread: Thread started: digital toys-ThreadStarter 1-7
2020-01-19 23:59:09,225 INFO o.a.j.t.JMeterThread: Thread started: digital toys-ThreadStarter 1-8
2020-01-19 23:59:12,228 INFO o.a.j.t.JMeterThread: Thread started: digital toys-ThreadStarter 1-9
2020-01-19 23:59:15,232 INFO o.a.j.t.JMeterThread: Thread started: digital toys-ThreadStarter 1-10
2020-01-19 23:59:18,238 INFO o.a.j.t.JMeterThread: Thread started: digital toys-ThreadStarter 1-11
2020-01-19 23:59:21,243 INFO o.a.j.t.JMeterThread: Thread started: digital toys-ThreadStarter 1-12
2020-01-19 23:59:24,250 INFO o.a.j.t.JMeterThread: Thread started: digital toys-ThreadStarter 1-13
2020-01-19 23:59:27,254 INFO o.a.j.t.JMeterThread: Thread started: digital toys-ThreadStarter 1-14
2020-01-19 23:59:30,259 INFO o.a.j.t.JMeterThread: Thread started: digital toys-ThreadStarter 1-15
2020-01-19 23:59:33,263 INFO o.a.j.t.JMeterThread: Thread started: digital toys-ThreadStarter 1-16
2020-01-19 23:59:36,269 INFO o.a.j.t.JMeterThread: Thread started: digital toys-ThreadStarter 1-17
2020-01-19 23:59:39,282 INFO o.a.j.t.JMeterThread: Thread started: digital toys-ThreadStarter 1-18
2020-01-19 23:59:42,278 INFO o.a.j.t.JMeterThread: Thread started: digital toys-ThreadStarter 1-19
2020-01-19 23:59:45,285 INFO o.a.j.t.JMeterThread: Thread started: digital toys-ThreadStarter 1-20
